<?xml version="1.0" encoding="UTF-8"?>
<!-- Generated by org.testng.reporters.JUnitXMLReporter -->
<testsuite hostname="Ibrahim" name="Default test(failed)" tests="3" failures="3" timestamp="8 May 2015 15:50:08 GMT" time="0.444" errors="0">
  <testcase name="getUserNameByID" time="0.312" classname="com.FCI.SWE.Models.com.FCI.SWE.Models.UserTest">
    <failure type="java.lang.NullPointerException" message="No API environment is registered for this thread.">
      <![CDATA[java.lang.NullPointerException: No API environment is registered for this thread.
	at com.google.appengine.api.datastore.DatastoreApiHelper.getCurrentAppId(DatastoreApiHelper.java:117)
	at com.google.appengine.api.datastore.DatastoreApiHelper.getCurrentAppIdNamespace(DatastoreApiHelper.java:133)
	at com.google.appengine.api.datastore.Query.<init>(Query.java:211)
	at com.google.appengine.api.datastore.Query.<init>(Query.java:142)
	at com.FCI.SWE.Models.User.getUserNameByID(User.java:179)
	at com.FCI.SWE.Models.com.FCI.SWE.Models.UserTest.getUserNameByID(UserTest.java:19)
... Removed 24 stack frames]]>
    </failure>
  </testcase> <!-- getUserNameByID -->
  <testcase name="getUserNameByID" time="0.002" classname="com.FCI.SWE.Models.com.FCI.SWE.Models.UserTest">
    <failure type="java.lang.NullPointerException" message="No API environment is registered for this thread.">
      <![CDATA[java.lang.NullPointerException: No API environment is registered for this thread.
	at com.google.appengine.api.datastore.DatastoreApiHelper.getCurrentAppId(DatastoreApiHelper.java:117)
	at com.google.appengine.api.datastore.DatastoreApiHelper.getCurrentAppIdNamespace(DatastoreApiHelper.java:133)
	at com.google.appengine.api.datastore.Query.<init>(Query.java:211)
	at com.google.appengine.api.datastore.Query.<init>(Query.java:142)
	at com.FCI.SWE.Models.User.getUserNameByID(User.java:179)
	at com.FCI.SWE.Models.com.FCI.SWE.Models.UserTest.getUserNameByID(UserTest.java:19)
... Removed 24 stack frames]]>
    </failure>
  </testcase> <!-- getUserNameByID -->
  <testcase name="getUserNameByID" time="0.02" classname="com.FCI.SWE.Models.com.FCI.SWE.Models.UserTest">
    <failure type="java.lang.NullPointerException" message="No API environment is registered for this thread.">
      <![CDATA[java.lang.NullPointerException: No API environment is registered for this thread.
	at com.google.appengine.api.datastore.DatastoreApiHelper.getCurrentAppId(DatastoreApiHelper.java:117)
	at com.google.appengine.api.datastore.DatastoreApiHelper.getCurrentAppIdNamespace(DatastoreApiHelper.java:133)
	at com.google.appengine.api.datastore.Query.<init>(Query.java:211)
	at com.google.appengine.api.datastore.Query.<init>(Query.java:142)
	at com.FCI.SWE.Models.User.getUserNameByID(User.java:179)
	at com.FCI.SWE.Models.com.FCI.SWE.Models.UserTest.getUserNameByID(UserTest.java:19)
... Removed 24 stack frames]]>
    </failure>
  </testcase> <!-- getUserNameByID -->
</testsuite> <!-- Default test(failed) -->
